<?xml version="1.0" encoding="UTF-8" ?>
<testsuite errors="0" failures="0" hostname="Laptop-PC" name="banking.primitive.core.AccountServerTest" tests="5" time="0.14" timestamp="2013-02-13T21:33:32">
  <properties>
    <property name="java.vendor" value="Oracle Corporation" />
    <property name="sun.java.launcher" value="SUN_STANDARD" />
    <property name="sun.management.compiler" value="HotSpot Client Compiler" />
    <property name="os.name" value="Windows Vista" />
    <property name="ant.file.CST316JUnitLab" value="c:\wrkspce\Lab1Lab2\Lab1Lab2\build.xml" />
    <property name="sun.boot.class.path" value="c:\Program Files\Java\jdk1.7.0_06\jre\lib\resources.jar;c:\Program Files\Java\jdk1.7.0_06\jre\lib\rt.jar;c:\Program Files\Java\jdk1.7.0_06\jre\lib\sunrsasign.jar;c:\Program Files\Java\jdk1.7.0_06\jre\lib\jsse.jar;c:\Program Files\Java\jdk1.7.0_06\jre\lib\jce.jar;c:\Program Files\Java\jdk1.7.0_06\jre\lib\charsets.jar;c:\Program Files\Java\jdk1.7.0_06\jre\lib\jfr.jar;c:\Program Files\Java\jdk1.7.0_06\jre\classes" />
    <property name="TODAY" value="February 13 2013" />
    <property name="sun.desktop" value="windows" />
    <property name="ant.file.type.CST316JUnitLab" value="file" />
    <property name="java.vm.specification.vendor" value="Oracle Corporation" />
    <property name="ant.home" value="c:/ant" />
    <property name="java.runtime.version" value="1.7.0_06-b24" />
    <property name="user.name" value="Admin" />
    <property name="user.language" value="en" />
    <property name="build" value="build" />
    <property name="sun.boot.library.path" value="c:\Program Files\Java\jdk1.7.0_06\jre\bin" />
    <property name="ant.project.default-target" value="build" />
    <property name="junit4.jar" value="jars/junit-4.10.jar" />
    <property name="ant.project.name" value="CST316JUnitLab" />
    <property name="DSTAMP" value="20130213" />
    <property name="java.version" value="1.7.0_06" />
    <property name="user.timezone" value="" />
    <property name="sun.arch.data.model" value="32" />
    <property name="java.endorsed.dirs" value="c:\Program Files\Java\jdk1.7.0_06\jre\lib\endorsed" />
    <property name="jar" value="value = Lab1JUnit.jar" />
    <property name="sun.cpu.isalist" value="" />
    <property name="sun.jnu.encoding" value="Cp1252" />
    <property name="file.encoding.pkg" value="sun.io" />
    <property name="file.separator" value="\" />
    <property name="java.specification.name" value="Java Platform API Specification" />
    <property name="java.class.version" value="51.0" />
    <property name="src" value="src" />
    <property name="user.country" value="US" />
    <property name="build.junitreport.dir" value="build/junitreport" />
    <property name="java.home" value="c:\Program Files\Java\jdk1.7.0_06\jre" />
    <property name="java.vm.info" value="mixed mode, sharing" />
    <property name="ant.file" value="c:\wrkspce\Lab1Lab2\Lab1Lab2\build.xml" />
    <property name="os.version" value="6.0" />
    <property name="path.separator" value=";" />
    <property name="java.vm.version" value="23.2-b09" />
    <property name="user.variant" value="" />
    <property name="ant.library.dir" value="c:/ant/lib" />
    <property name="java.awt.printerjob" value="sun.awt.windows.WPrinterJob" />
    <property name="sun.io.unicode.encoding" value="UnicodeLittle" />
    <property name="awt.toolkit" value="sun.awt.windows.WToolkit" />
    <property name="user.script" value="" />
    <property name="user.home" value="C:\Users\Admin" />
    <property name="java.specification.vendor" value="Oracle Corporation" />
    <property name="java.library.path" value="c:\Program Files\Java\jdk1.7.0_06\jre\bin;C:\Windows\Sun\Java\bin;C:\Windows\system32;C:\Windows;c:\wrkspce\CST420\bin;.;C:\Program Files\Git\local\bin;C:\Program Files\Git\mingw\bin;C:\Program Files\Git\bin;c:\watcom-1.3\binnt;c:\watcom-1.3\binw;c:\Windows\system32;c:\Windows;c:\Windows\System32\Wbem;c:\Program Files\ATI Technologies\ATI.ACE\Core-Static;c:\MinGW\bin;c:\Windows\System32\WindowsPowerShell\v1.0\;c:\strawberry\c\bin;c:\strawberry\perl\site\bin;c:\strawberry\perl\bin;c:\Program Files\SSH Communications Security\SSH Secure Shell;c:\Program Files\Java\jdk1.7.0_06\bin;c:\ant\bin;c:\GNUstep\bin;c:\GNUstep\GNUstep\System\Tools;c:\Program Files\Microsoft SQL Server\110\Tools\Binn\;c:\Program Files\SlikSvn\bin;c:\Program Files\TortoiseSVN\bin;c:\pl\bin;." />
    <property name="java.vendor.url" value="http://java.oracle.com/" />
    <property name="jars" value="jars" />
    <property name="java.vm.vendor" value="Oracle Corporation" />
    <property name="java.runtime.name" value="Java(TM) SE Runtime Environment" />
    <property name="sun.java.command" value="org.apache.tools.ant.taskdefs.optional.junit.JUnitTestRunner banking.primitive.core.AccountServerTest filtertrace=true haltOnError=false haltOnFailure=true formatter=org.apache.tools.ant.taskdefs.optional.junit.OutErrSummaryJUnitResultFormatter showoutput=false outputtoformatters=true logfailedtests=true logtestlistenerevents=false formatter=org.apache.tools.ant.taskdefs.optional.junit.XMLJUnitResultFormatter,c:\wrkspce\Lab1Lab2\Lab1Lab2\build\junitreport\TEST-banking.primitive.core.AccountServerTest.xml crashfile=c:\wrkspce\Lab1Lab2\Lab1Lab2\junitvmwatcher9073582121538503095.properties propsfile=c:\wrkspce\Lab1Lab2\Lab1Lab2\junit7115980036296453686.properties" />
    <property name="java.class.path" value="c:\wrkspce\Lab1Lab2\Lab1Lab2\build\classes;c:\wrkspce\Lab1Lab2\Lab1Lab2\jars\junit-4.10.jar;C:\ant\lib\ant-launcher.jar;c:\ant\lib\ant.jar;c:\ant\lib\ant-junit.jar;c:\ant\lib\ant-junit4.jar" />
    <property name="ant.version" value="Apache Ant(TM) version 1.8.4 compiled on May 22 2012" />
    <property name="given" value="value = ../lab1given.jar" />
    <property name="TSTAMP" value="1433" />
    <property name="java.vm.specification.name" value="Java Virtual Machine Specification" />
    <property name="ant.file.type" value="file" />
    <property name="java.vm.specification.version" value="1.7" />
    <property name="sun.cpu.endian" value="little" />
    <property name="sun.os.patch.level" value="Service Pack 2" />
    <property name="java.io.tmpdir" value="C:\Users\Admin\AppData\Local\Temp\" />
    <property name="java.vendor.url.bug" value="http://bugreport.sun.com/bugreport/" />
    <property name="os.arch" value="x86" />
    <property name="java.awt.graphicsenv" value="sun.awt.Win32GraphicsEnvironment" />
    <property name="java.ext.dirs" value="c:\Program Files\Java\jdk1.7.0_06\jre\lib\ext;C:\Windows\Sun\Java\lib\ext" />
    <property name="user.dir" value="c:\wrkspce\Lab1Lab2\Lab1Lab2" />
    <property name="line.separator" value="&#xd;&#xa;" />
    <property name="java.vm.name" value="Java HotSpot(TM) Client VM" />
    <property name="basedir" value="c:\wrkspce\Lab1Lab2\Lab1Lab2" />
    <property name="ant.java.version" value="1.7" />
    <property name="ant.core.lib" value="c:\ant\lib\ant.jar" />
    <property name="file.encoding" value="Cp1252" />
    <property name="java.specification.version" value="1.7" />
    <property name="ant.project.invoked-targets" value="junit" />
  </properties>
  <testcase classname="banking.primitive.core.AccountServerTest" name="testNewAccountBalance" time="0.0" />
  <testcase classname="banking.primitive.core.AccountServerTest" name="testNewAccountDuplicate" time="0.0" />
  <testcase classname="banking.primitive.core.AccountServerTest" name="testNewAccount" time="0.0" />
  <testcase classname="banking.primitive.core.AccountServerTest" name="testGetAccount" time="0.0" />
  <testcase classname="banking.primitive.core.AccountServerTest" name="testNewAccountType" time="0.0" />
  <system-out><![CDATA[Reading from file accounts.ser...
]]></system-out>
  <system-err><![CDATA[]]></system-err>
</testsuite>
